<?xml version="1.0" encoding="UTF-8"?>
<!-- Generated by org.testng.reporters.JUnitXMLReporter -->
<testsuite ignored="0" hostname="LAPTOP-L326B3C6" failures="2" tests="9" name="Test" time="0.144" errors="0" timestamp="2024-08-27T14:37:12 IST">
  <testcase classname="TestNgExecuteFailedTestCases.FailedTestCaseExample" name="TestCase01" time="0.023">
    <skipped/>
  </testcase> <!-- TestCase01 -->
  <testcase classname="TestNgExecuteFailedTestCases.FailedTestCaseExample" name="TestCase01" time="0.001">
    <skipped/>
  </testcase> <!-- TestCase01 -->
  <testcase classname="TestNgExecuteFailedTestCases.FailedTestCaseExample" name="TestCase01" time="0.002">
    <skipped/>
  </testcase> <!-- TestCase01 -->
  <testcase classname="TestNgExecuteFailedTestCases.FailedTestCaseExample" name="TestCase01" time="0.001">
    <failure type="java.lang.AssertionError" message="expected [true] but found [false]">
      <![CDATA[java.lang.AssertionError: expected [true] but found [false]
at TestNgExecuteFailedTestCases.FailedTestCaseExample.TestCase01(FailedTestCaseExample.java:8)
at java.base/java.util.ArrayList.forEach(ArrayList.java:1597)
... Removed 29 stack frames]]>
    </failure>
  </testcase> <!-- TestCase01 -->
  <testcase classname="TestNgExecuteFailedTestCases.FailedTestCaseExample" name="TestCase02" time="0.002">
    <skipped/>
  </testcase> <!-- TestCase02 -->
  <testcase classname="TestNgExecuteFailedTestCases.FailedTestCaseExample" name="TestCase02" time="0.001">
    <skipped/>
  </testcase> <!-- TestCase02 -->
  <testcase classname="TestNgExecuteFailedTestCases.FailedTestCaseExample" name="TestCase02" time="0.002">
    <skipped/>
  </testcase> <!-- TestCase02 -->
  <testcase classname="TestNgExecuteFailedTestCases.FailedTestCaseExample" name="TestCase02" time="0.002">
    <failure type="java.lang.AssertionError" message="expected [true] but found [false]">
      <![CDATA[java.lang.AssertionError: expected [true] but found [false]
at TestNgExecuteFailedTestCases.FailedTestCaseExample.TestCase02(FailedTestCaseExample.java:12)
at java.base/java.util.ArrayList.forEach(ArrayList.java:1597)
... Removed 29 stack frames]]>
    </failure>
  </testcase> <!-- TestCase02 -->
  <testcase classname="TestNgExecuteFailedTestCases.FailedTestCaseExample" name="TestCase03" time="0.002"/>
</testsuite> <!-- Test -->
